TN:
SF:server.js
FN:13,(anonymous_0)
FN:21,(anonymous_1)
FN:28,(anonymous_2)
FN:35,(anonymous_3)
FN:50,(anonymous_4)
FN:56,(anonymous_5)
FN:62,(anonymous_6)
FNF:7
FNH:5
FNDA:1,(anonymous_0)
FNDA:1,(anonymous_1)
FNDA:1,(anonymous_2)
FNDA:3,(anonymous_3)
FNDA:0,(anonymous_4)
FNDA:1,(anonymous_5)
FNDA:0,(anonymous_6)
DA:1,1
DA:2,1
DA:4,1
DA:5,1
DA:8,1
DA:9,1
DA:10,1
DA:13,1
DA:14,1
DA:21,1
DA:22,1
DA:28,1
DA:29,1
DA:35,1
DA:36,3
DA:38,3
DA:39,2
DA:42,1
DA:50,1
DA:51,0
DA:52,0
DA:56,1
DA:57,1
DA:61,1
DA:62,0
DA:64,0
DA:66,0
DA:70,1
LF:28
LH:23
BRDA:5,0,0,1
BRDA:5,0,1,1
BRDA:38,1,0,2
BRDA:38,1,1,1
BRDA:38,2,0,3
BRDA:38,2,1,2
BRDA:61,3,0,0
BRDA:61,3,1,1
BRF:8
BRH:7
end_of_record
