TN:
SF:server.js
FN:13,(anonymous_0)
FN:21,(anonymous_1)
FN:28,(anonymous_2)
FN:35,(anonymous_3)
FN:50,(anonymous_4)
FN:56,(anonymous_5)
FN:62,(anonymous_6)
FNF:7
FNH:6
FNDA:15,(anonymous_0)
FNDA:48,(anonymous_1)
FNDA:30,(anonymous_2)
FNDA:63,(anonymous_3)
FNDA:4,(anonymous_4)
FNDA:6,(anonymous_5)
FNDA:0,(anonymous_6)
DA:1,3
DA:2,3
DA:4,3
DA:5,3
DA:8,3
DA:9,3
DA:10,3
DA:13,3
DA:14,15
DA:21,3
DA:22,48
DA:28,3
DA:29,30
DA:35,3
DA:36,63
DA:38,63
DA:39,11
DA:42,52
DA:50,3
DA:51,4
DA:52,4
DA:56,3
DA:57,6
DA:61,3
DA:62,0
DA:64,0
DA:66,0
DA:70,3
LF:28
LH:25
BRDA:5,0,0,3
BRDA:5,0,1,3
BRDA:38,1,0,11
BRDA:38,1,1,52
BRDA:38,2,0,63
BRDA:38,2,1,54
BRDA:61,3,0,0
BRDA:61,3,1,3
BRF:8
BRH:7
end_of_record
